生成启动时间为 2015/5/20 15:15:55。
     1>项目“E:\C++\C++练习\Essential C++课后习题\Guessnum\Guessnum\Guessnum.vcxproj”在节点 2 上(build 个目标)。
     1>InitializeBuildStatus:
         正在创建“Debug\Guessnum.unsuccessfulbuild”，因为已指定“AlwaysCreate”。
       ClCompile:
         d:\ProgFils\VC\bin\CL.exe /c /ZI /nologo /W3 /WX- /Od /Oy- /D _MBCS /Gm /EHsc /RTC1 /MDd /GS /fp:precise /Zc:wchar_t /Zc:forScope /Fo"Debug\\" /Fd"Debug\vc100.pdb" /Gd /TP /analyze- /errorReport:prompt main.cpp
         main.cpp
       Link:
         d:\ProgFils\VC\bin\link.exe /ERRORREPORT:PROMPT /OUT:"E:\C++\C++练习\Essential C++课后习题\Guessnum\Debug\Guessnum.exe" /NOLOGO kernel32.lib user32.lib gdi32.lib winspool.lib comdlg32.lib advapi32.lib shell32.lib ole32.lib oleaut32.lib uuid.lib odbc32.lib odbccp32.lib /MANIFEST /ManifestFile:"Debug\Guessnum.exe.intermediate.manifest" /MANIFESTUAC:"level='asInvoker' uiAccess='false'" /DEBUG /PDB:"E:\C++\C++练习\Essential C++课后习题\Guessnum\Debug\Guessnum.pdb" /TLBID:1 /DYNAMICBASE /NXCOMPAT /IMPLIB:"E:\C++\C++练习\Essential C++课后习题\Guessnum\Debug\Guessnum.lib" /MACHINE:X86 Debug\NUmberseq.obj
         Debug\main.obj
         LINK : 没有找到 E:\C++\C++练习\Essential C++课后习题\Guessnum\Debug\Guessnum.exe 或上一个增量链接没有生成它；正在执行完全链接
         Guessnum.vcxproj -> E:\C++\C++练习\Essential C++课后习题\Guessnum\Debug\Guessnum.exe
       Manifest:
         C:\Program Files\Microsoft SDKs\Windows\v7.0A\bin\mt.exe /nologo /verbose /outputresource:"E:\C++\C++练习\Essential C++课后习题\Guessnum\Debug\Guessnum.exe;#1" /manifest Debug\Guessnum.exe.intermediate.manifest
       FinalizeBuildStatus:
         正在删除文件“Debug\Guessnum.unsuccessfulbuild”。
         正在对“Debug\Guessnum.lastbuildstate”执行 Touch 任务。
     1>已完成生成项目“E:\C++\C++练习\Essential C++课后习题\Guessnum\Guessnum\Guessnum.vcxproj”(build 个目标)的操作。

生成成功。

已用时间 00:00:01.13
