生成启动时间为 2015/3/4 16:51:57。
     1>项目“D:\学习资料\C++练习\Essential C++课后习题\Pentagonal\Pentagonal\Pentagonal.vcxproj”在节点 2 上(build 个目标)。
     1>InitializeBuildStatus:
         正在创建“Debug\Pentagonal.unsuccessfulbuild”，因为已指定“AlwaysCreate”。
       ClCompile:
         d:\ProgFils\VC\bin\CL.exe /c /ZI /nologo /W3 /WX- /Od /Oy- /D _MBCS /Gm /EHsc /RTC1 /MDd /GS /fp:precise /Zc:wchar_t /Zc:forScope /Fo"Debug\\" /Fd"Debug\vc100.pdb" /Gd /TP /analyze- /errorReport:prompt pentag.cpp
         pentag.cpp
     1>d:\学习资料\c++练习\essential c++课后习题\pentagonal\pentagonal\pentag.cpp(65): warning C4018: “<”: 有符号/无符号不匹配
       Link:
         d:\ProgFils\VC\bin\link.exe /ERRORREPORT:PROMPT /OUT:"D:\学习资料\C++练习\Essential C++课后习题\Pentagonal\Debug\Pentagonal.exe" /NOLOGO kernel32.lib user32.lib gdi32.lib winspool.lib comdlg32.lib advapi32.lib shell32.lib ole32.lib oleaut32.lib uuid.lib odbc32.lib odbccp32.lib /MANIFEST /ManifestFile:"Debug\Pentagonal.exe.intermediate.manifest" /MANIFESTUAC:"level='asInvoker' uiAccess='false'" /DEBUG /PDB:"D:\学习资料\C++练习\Essential C++课后习题\Pentagonal\Debug\Pentagonal.pdb" /TLBID:1 /DYNAMICBASE /NXCOMPAT /IMPLIB:"D:\学习资料\C++练习\Essential C++课后习题\Pentagonal\Debug\Pentagonal.lib" /MACHINE:X86 Debug\pentag.obj
         LINK : 没有找到 D:\学习资料\C++练习\Essential C++课后习题\Pentagonal\Debug\Pentagonal.exe 或上一个增量链接没有生成它；正在执行完全链接
         Pentagonal.vcxproj -> D:\学习资料\C++练习\Essential C++课后习题\Pentagonal\Debug\Pentagonal.exe
       Manifest:
         C:\Program Files\Microsoft SDKs\Windows\v7.0A\bin\mt.exe /nologo /verbose /outputresource:"D:\学习资料\C++练习\Essential C++课后习题\Pentagonal\Debug\Pentagonal.exe;#1" /manifest Debug\Pentagonal.exe.intermediate.manifest
       FinalizeBuildStatus:
         正在删除文件“Debug\Pentagonal.unsuccessfulbuild”。
         正在对“Debug\Pentagonal.lastbuildstate”执行 Touch 任务。
     1>已完成生成项目“D:\学习资料\C++练习\Essential C++课后习题\Pentagonal\Pentagonal\Pentagonal.vcxproj”(build 个目标)的操作。

生成成功。

已用时间 00:00:01.20
