生成启动时间为 2015/3/11 15:01:55。
     1>项目“D:\学习资料\C++练习\Essential C++课后习题\Martix\Martix\Martix.vcxproj”在节点 2 上(build 个目标)。
     1>InitializeBuildStatus:
         正在创建“Debug\Martix.unsuccessfulbuild”，因为已指定“AlwaysCreate”。
       ClCompile:
         d:\ProgFils\VC\bin\CL.exe /c /ZI /nologo /W3 /WX- /Od /Oy- /D WIN32 /D _DEBUG /D _CONSOLE /D _UNICODE /D UNICODE /Gm /EHsc /RTC1 /MDd /GS /fp:precise /Zc:wchar_t /Zc:forScope /Fo"Debug\\" /Fd"Debug\vc100.pdb" /Gd /TP /analyze- /errorReport:prompt Matrix.cpp main.cpp
         Matrix.cpp
         正在生成代码...
         正在编译...
         main.cpp
     1>d:\学习资料\c++练习\essential c++课后习题\martix\martix\main.cpp(25): warning C4305: “初始化”: 从“double”到“elemType”截断
     1>d:\学习资料\c++练习\essential c++课后习题\martix\martix\main.cpp(25): warning C4305: “初始化”: 从“double”到“elemType”截断
     1>d:\学习资料\c++练习\essential c++课后习题\martix\martix\main.cpp(25): warning C4305: “初始化”: 从“double”到“elemType”截断
     1>d:\学习资料\c++练习\essential c++课后习题\martix\martix\main.cpp(25): warning C4305: “初始化”: 从“double”到“elemType”截断
     1>d:\学习资料\c++练习\essential c++课后习题\martix\martix\main.cpp(25): warning C4305: “初始化”: 从“double”到“elemType”截断
     1>d:\学习资料\c++练习\essential c++课后习题\martix\martix\main.cpp(25): warning C4305: “初始化”: 从“double”到“elemType”截断
     1>d:\学习资料\c++练习\essential c++课后习题\martix\martix\main.cpp(25): warning C4305: “初始化”: 从“double”到“elemType”截断
     1>d:\学习资料\c++练习\essential c++课后习题\martix\martix\main.cpp(25): warning C4305: “初始化”: 从“double”到“elemType”截断
     1>d:\学习资料\c++练习\essential c++课后习题\martix\martix\main.cpp(26): warning C4305: “初始化”: 从“double”到“elemType”截断
     1>d:\学习资料\c++练习\essential c++课后习题\martix\martix\main.cpp(26): warning C4305: “初始化”: 从“double”到“elemType”截断
     1>d:\学习资料\c++练习\essential c++课后习题\martix\martix\main.cpp(26): warning C4305: “初始化”: 从“double”到“elemType”截断
     1>d:\学习资料\c++练习\essential c++课后习题\martix\martix\main.cpp(26): warning C4305: “初始化”: 从“double”到“elemType”截断
     1>d:\学习资料\c++练习\essential c++课后习题\martix\martix\main.cpp(26): warning C4305: “初始化”: 从“double”到“elemType”截断
     1>d:\学习资料\c++练习\essential c++课后习题\martix\martix\main.cpp(26): warning C4305: “初始化”: 从“double”到“elemType”截断
     1>d:\学习资料\c++练习\essential c++课后习题\martix\martix\main.cpp(26): warning C4305: “初始化”: 从“double”到“elemType”截断
     1>d:\学习资料\c++练习\essential c++课后习题\martix\martix\main.cpp(26): warning C4305: “初始化”: 从“double”到“elemType”截断
         正在生成代码...
       ManifestResourceCompile:
         所有输出均为最新。
       Link:
         d:\ProgFils\VC\bin\link.exe /ERRORREPORT:PROMPT /OUT:"D:\学习资料\C++练习\Essential C++课后习题\Martix\Debug\Martix.exe" /INCREMENTAL /NOLOGO kernel32.lib user32.lib gdi32.lib winspool.lib comdlg32.lib advapi32.lib shell32.lib ole32.lib oleaut32.lib uuid.lib odbc32.lib odbccp32.lib /MANIFEST /ManifestFile:"Debug\Martix.exe.intermediate.manifest" /MANIFESTUAC:"level='asInvoker' uiAccess='false'" /DEBUG /PDB:"D:\学习资料\C++练习\Essential C++课后习题\Martix\Debug\Martix.pdb" /SUBSYSTEM:CONSOLE /TLBID:1 /DYNAMICBASE /NXCOMPAT /IMPLIB:"D:\学习资料\C++练习\Essential C++课后习题\Martix\Debug\Martix.lib" /MACHINE:X86 Debug\Martix.exe.embed.manifest.res
         Debug\main.obj
         Debug\Matrix.obj
       Manifest:
         C:\Program Files\Microsoft SDKs\Windows\v7.0A\bin\mt.exe /nologo /verbose /out:"Debug\Martix.exe.embed.manifest" /manifest Debug\Martix.exe.intermediate.manifest
         所有输出均为最新。
       LinkEmbedManifest:
         所有输出均为最新。
         Martix.vcxproj -> D:\学习资料\C++练习\Essential C++课后习题\Martix\Debug\Martix.exe
       FinalizeBuildStatus:
         正在删除文件“Debug\Martix.unsuccessfulbuild”。
         正在对“Debug\Martix.lastbuildstate”执行 Touch 任务。
     1>已完成生成项目“D:\学习资料\C++练习\Essential C++课后习题\Martix\Martix\Martix.vcxproj”(build 个目标)的操作。

生成成功。

已用时间 00:00:01.51
