生成启动时间为 2015/3/11 9:03:55。
     1>项目“D:\学习资料\C++练习\Essential C++课后习题\Member_Template_Funtion_cout\Member_Template_Funtion_cout\Member_Template_Funtion_cout.vcxproj”在节点 2 上(build 个目标)。
     1>InitializeBuildStatus:
         正在创建“Debug\Member_Template_Funtion_cout.unsuccessfulbuild”，因为已指定“AlwaysCreate”。
       ClCompile:
         d:\ProgFils\VC\bin\CL.exe /c /ZI /nologo /W3 /WX- /Od /Oy- /D WIN32 /D _DEBUG /D _CONSOLE /D _UNICODE /D UNICODE /Gm /EHsc /RTC1 /MDd /GS /fp:precise /Zc:wchar_t /Zc:forScope /Fo"Debug\\" /Fd"Debug\vc100.pdb" /Gd /TP /analyze- /errorReport:prompt ostream.cpp
         ostream.cpp
       ManifestResourceCompile:
         所有输出均为最新。
       Link:
         d:\ProgFils\VC\bin\link.exe /ERRORREPORT:PROMPT /OUT:"D:\学习资料\C++练习\Essential C++课后习题\Member_Template_Funtion_cout\Debug\Member_Template_Funtion_cout.exe" /INCREMENTAL /NOLOGO kernel32.lib user32.lib gdi32.lib winspool.lib comdlg32.lib advapi32.lib shell32.lib ole32.lib oleaut32.lib uuid.lib odbc32.lib odbccp32.lib /MANIFEST /ManifestFile:"Debug\Member_Template_Funtion_cout.exe.intermediate.manifest" /MANIFESTUAC:"level='asInvoker' uiAccess='false'" /DEBUG /PDB:"D:\学习资料\C++练习\Essential C++课后习题\Member_Template_Funtion_cout\Debug\Member_Template_Funtion_cout.pdb" /SUBSYSTEM:CONSOLE /TLBID:1 /DYNAMICBASE /NXCOMPAT /IMPLIB:"D:\学习资料\C++练习\Essential C++课后习题\Member_Template_Funtion_cout\Debug\Member_Template_Funtion_cout.lib" /MACHINE:X86 Debug\Member_Template_Funtion_cout.exe.embed.manifest.res
         Debug\ostream.obj
       Manifest:
         C:\Program Files\Microsoft SDKs\Windows\v7.0A\bin\mt.exe /nologo /verbose /out:"Debug\Member_Template_Funtion_cout.exe.embed.manifest" /manifest Debug\Member_Template_Funtion_cout.exe.intermediate.manifest
         所有输出均为最新。
       LinkEmbedManifest:
         所有输出均为最新。
         Member_Template_Funtion_cout.vcxproj -> D:\学习资料\C++练习\Essential C++课后习题\Member_Template_Funtion_cout\Debug\Member_Template_Funtion_cout.exe
       FinalizeBuildStatus:
         正在删除文件“Debug\Member_Template_Funtion_cout.unsuccessfulbuild”。
         正在对“Debug\Member_Template_Funtion_cout.lastbuildstate”执行 Touch 任务。
     1>已完成生成项目“D:\学习资料\C++练习\Essential C++课后习题\Member_Template_Funtion_cout\Member_Template_Funtion_cout\Member_Template_Funtion_cout.vcxproj”(build 个目标)的操作。

生成成功。

已用时间 00:00:01.01
