生成启动时间为 2015/3/10 9:52:40。
     1>项目“D:\学习资料\C++练习\Essential C++课后习题\Object_oriented_Stack\Object_oriented_Stack\Object_oriented_Stack.vcxproj”在节点 2 上(build 个目标)。
     1>InitializeBuildStatus:
         正在创建“Debug\Object_oriented_Stack.unsuccessfulbuild”，因为已指定“AlwaysCreate”。
       ClCompile:
         d:\ProgFils\VC\bin\CL.exe /c /ZI /nologo /W3 /WX- /Od /Oy- /D _MBCS /Gm /EHsc /RTC1 /MDd /GS /fp:precise /Zc:wchar_t /Zc:forScope /Fo"Debug\\" /Fd"Debug\vc100.pdb" /Gd /TP /analyze- /errorReport:prompt stack.cpp
         stack.cpp
     1>d:\学习资料\c++练习\essential c++课后习题\object_oriented_stack\object_oriented_stack\stack.cpp(37): warning C4018: “>=”: 有符号/无符号不匹配
     1>d:\学习资料\c++练习\essential c++课后习题\object_oriented_stack\object_oriented_stack\stack.cpp(83): warning C4018: “>=”: 有符号/无符号不匹配
       Link:
         d:\ProgFils\VC\bin\link.exe /ERRORREPORT:PROMPT /OUT:"D:\学习资料\C++练习\Essential C++课后习题\Object_oriented_Stack\Debug\Object_oriented_Stack.exe" /NOLOGO kernel32.lib user32.lib gdi32.lib winspool.lib comdlg32.lib advapi32.lib shell32.lib ole32.lib oleaut32.lib uuid.lib odbc32.lib odbccp32.lib /MANIFEST /ManifestFile:"Debug\Object_oriented_Stack.exe.intermediate.manifest" /MANIFESTUAC:"level='asInvoker' uiAccess='false'" /DEBUG /PDB:"D:\学习资料\C++练习\Essential C++课后习题\Object_oriented_Stack\Debug\Object_oriented_Stack.pdb" /TLBID:1 /DYNAMICBASE /NXCOMPAT /IMPLIB:"D:\学习资料\C++练习\Essential C++课后习题\Object_oriented_Stack\Debug\Object_oriented_Stack.lib" /MACHINE:X86 Debug\stack.obj
         LINK : 没有找到 D:\学习资料\C++练习\Essential C++课后习题\Object_oriented_Stack\Debug\Object_oriented_Stack.exe 或上一个增量链接没有生成它；正在执行完全链接
         Object_oriented_Stack.vcxproj -> D:\学习资料\C++练习\Essential C++课后习题\Object_oriented_Stack\Debug\Object_oriented_Stack.exe
       Manifest:
         C:\Program Files\Microsoft SDKs\Windows\v7.0A\bin\mt.exe /nologo /verbose /outputresource:"D:\学习资料\C++练习\Essential C++课后习题\Object_oriented_Stack\Debug\Object_oriented_Stack.exe;#1" /manifest Debug\Object_oriented_Stack.exe.intermediate.manifest
       FinalizeBuildStatus:
         正在删除文件“Debug\Object_oriented_Stack.unsuccessfulbuild”。
         正在对“Debug\Object_oriented_Stack.lastbuildstate”执行 Touch 任务。
     1>已完成生成项目“D:\学习资料\C++练习\Essential C++课后习题\Object_oriented_Stack\Object_oriented_Stack\Object_oriented_Stack.vcxproj”(build 个目标)的操作。

生成成功。

已用时间 00:00:01.28
