D:\学习资料\C++练习\ESSENTIAL C++课后习题\INLITIALIZATION_LIST\DEBUG\INLITIALIZATION_LIST.EXE
D:\学习资料\C++练习\ESSENTIAL C++课后习题\INLITIALIZATION_LIST\DEBUG\INLITIALIZATION_LIST.ILK
D:\学习资料\C++练习\ESSENTIAL C++课后习题\INLITIALIZATION_LIST\DEBUG\INLITIALIZATION_LIST.PDB
D:\学习资料\C++练习\Essential C++课后习题\inlitialization_list\inlitialization_list\Debug\cl.command.1.tlog
D:\学习资料\C++练习\Essential C++课后习题\inlitialization_list\inlitialization_list\Debug\CL.read.1.tlog
D:\学习资料\C++练习\Essential C++课后习题\inlitialization_list\inlitialization_list\Debug\CL.write.1.tlog
D:\学习资料\C++练习\ESSENTIAL C++课后习题\INLITIALIZATION_LIST\INLITIALIZATION_LIST\DEBUG\INLITIALIZATION.OBJ
D:\学习资料\C++练习\ESSENTIAL C++课后习题\INLITIALIZATION_LIST\INLITIALIZATION_LIST\DEBUG\INLITIALIZATION_LIST.EXE.EMBED.MANIFEST
D:\学习资料\C++练习\ESSENTIAL C++课后习题\INLITIALIZATION_LIST\INLITIALIZATION_LIST\DEBUG\INLITIALIZATION_LIST.EXE.EMBED.MANIFEST.RES
D:\学习资料\C++练习\ESSENTIAL C++课后习题\INLITIALIZATION_LIST\INLITIALIZATION_LIST\DEBUG\INLITIALIZATION_LIST.EXE.INTERMEDIATE.MANIFEST
D:\学习资料\C++练习\Essential C++课后习题\inlitialization_list\inlitialization_list\Debug\inlitialization_list_manifest.rc
D:\学习资料\C++练习\Essential C++课后习题\inlitialization_list\inlitialization_list\Debug\link.3984.read.1.tlog
D:\学习资料\C++练习\Essential C++课后习题\inlitialization_list\inlitialization_list\Debug\link.3984.write.1.tlog
D:\学习资料\C++练习\Essential C++课后习题\inlitialization_list\inlitialization_list\Debug\link.3984-cvtres.read.1.tlog
D:\学习资料\C++练习\Essential C++课后习题\inlitialization_list\inlitialization_list\Debug\link.3984-cvtres.write.1.tlog
D:\学习资料\C++练习\Essential C++课后习题\inlitialization_list\inlitialization_list\Debug\link.command.1.tlog
D:\学习资料\C++练习\Essential C++课后习题\inlitialization_list\inlitialization_list\Debug\link.read.1.tlog
D:\学习资料\C++练习\Essential C++课后习题\inlitialization_list\inlitialization_list\Debug\link.write.1.tlog
D:\学习资料\C++练习\Essential C++课后习题\inlitialization_list\inlitialization_list\Debug\link-cvtres.read.1.tlog
D:\学习资料\C++练习\Essential C++课后习题\inlitialization_list\inlitialization_list\Debug\link-cvtres.write.1.tlog
D:\学习资料\C++练习\Essential C++课后习题\inlitialization_list\inlitialization_list\Debug\mt.command.1.tlog
D:\学习资料\C++练习\Essential C++课后习题\inlitialization_list\inlitialization_list\Debug\mt.read.1.tlog
D:\学习资料\C++练习\Essential C++课后习题\inlitialization_list\inlitialization_list\Debug\mt.write.1.tlog
D:\学习资料\C++练习\ESSENTIAL C++课后习题\INLITIALIZATION_LIST\INLITIALIZATION_LIST\DEBUG\NRT.OBJ
D:\学习资料\C++练习\Essential C++课后习题\inlitialization_list\inlitialization_list\Debug\rc.command.1.tlog
D:\学习资料\C++练习\Essential C++课后习题\inlitialization_list\inlitialization_list\Debug\rc.read.1.tlog
D:\学习资料\C++练习\Essential C++课后习题\inlitialization_list\inlitialization_list\Debug\rc.write.1.tlog
D:\学习资料\C++练习\ESSENTIAL C++课后习题\INLITIALIZATION_LIST\INLITIALIZATION_LIST\DEBUG\TEST.OBJ
D:\学习资料\C++练习\Essential C++课后习题\inlitialization_list\inlitialization_list\Debug\vc100.idb
D:\学习资料\C++练习\ESSENTIAL C++课后习题\INLITIALIZATION_LIST\INLITIALIZATION_LIST\DEBUG\VC100.PDB
