生成启动时间为 2015/3/13 8:55:48。
     1>项目“D:\学习资料\C++练习\Essential C++课后习题\inlitialization_list\inlitialization_list\inlitialization_list.vcxproj”在节点 2 上(build 个目标)。
     1>InitializeBuildStatus:
         正在创建“Debug\inlitialization_list.unsuccessfulbuild”，因为已指定“AlwaysCreate”。
       ClCompile:
         d:\ProgFils\VC\bin\CL.exe /c /ZI /nologo /W3 /WX- /Od /Oy- /D WIN32 /D _DEBUG /D _CONSOLE /D _UNICODE /D UNICODE /Gm /EHsc /RTC1 /MDd /GS /fp:precise /Zc:wchar_t /Zc:forScope /Fo"Debug\\" /Fd"Debug\vc100.pdb" /Gd /TP /analyze- /errorReport:prompt test.cpp
         test.cpp
       ManifestResourceCompile:
         C:\Program Files\Microsoft SDKs\Windows\v7.0A\bin\rc.exe /nologo /fo"Debug\inlitialization_list.exe.embed.manifest.res" Debug\inlitialization_list_manifest.rc 
       Link:
         d:\ProgFils\VC\bin\link.exe /ERRORREPORT:PROMPT /OUT:"D:\学习资料\C++练习\Essential C++课后习题\inlitialization_list\Debug\inlitialization_list.exe" /INCREMENTAL /NOLOGO kernel32.lib user32.lib gdi32.lib winspool.lib comdlg32.lib advapi32.lib shell32.lib ole32.lib oleaut32.lib uuid.lib odbc32.lib odbccp32.lib /MANIFEST /ManifestFile:"Debug\inlitialization_list.exe.intermediate.manifest" /MANIFESTUAC:"level='asInvoker' uiAccess='false'" /DEBUG /PDB:"D:\学习资料\C++练习\Essential C++课后习题\inlitialization_list\Debug\inlitialization_list.pdb" /SUBSYSTEM:CONSOLE /TLBID:1 /DYNAMICBASE /NXCOMPAT /IMPLIB:"D:\学习资料\C++练习\Essential C++课后习题\inlitialization_list\Debug\inlitialization_list.lib" /MACHINE:X86 Debug\inlitialization_list.exe.embed.manifest.res
         Debug\test.obj
       Manifest:
         C:\Program Files\Microsoft SDKs\Windows\v7.0A\bin\mt.exe /nologo /verbose /out:"Debug\inlitialization_list.exe.embed.manifest" /manifest Debug\inlitialization_list.exe.intermediate.manifest
         C:\Program Files\Microsoft SDKs\Windows\v7.0A\bin\rc.exe /nologo /fo"Debug\inlitialization_list.exe.embed.manifest.res" Debug\inlitialization_list_manifest.rc 
       LinkEmbedManifest:
         d:\ProgFils\VC\bin\link.exe /ERRORREPORT:PROMPT /OUT:"D:\学习资料\C++练习\Essential C++课后习题\inlitialization_list\Debug\inlitialization_list.exe" /INCREMENTAL /NOLOGO kernel32.lib user32.lib gdi32.lib winspool.lib comdlg32.lib advapi32.lib shell32.lib ole32.lib oleaut32.lib uuid.lib odbc32.lib odbccp32.lib /MANIFEST /ManifestFile:"Debug\inlitialization_list.exe.intermediate.manifest" /MANIFESTUAC:"level='asInvoker' uiAccess='false'" /DEBUG /PDB:"D:\学习资料\C++练习\Essential C++课后习题\inlitialization_list\Debug\inlitialization_list.pdb" /SUBSYSTEM:CONSOLE /TLBID:1 /DYNAMICBASE /NXCOMPAT /IMPLIB:"D:\学习资料\C++练习\Essential C++课后习题\inlitialization_list\Debug\inlitialization_list.lib" /MACHINE:X86 Debug\inlitialization_list.exe.embed.manifest.res
         Debug\test.obj
         inlitialization_list.vcxproj -> D:\学习资料\C++练习\Essential C++课后习题\inlitialization_list\Debug\inlitialization_list.exe
       FinalizeBuildStatus:
         正在删除文件“Debug\inlitialization_list.unsuccessfulbuild”。
         正在对“Debug\inlitialization_list.lastbuildstate”执行 Touch 任务。
     1>已完成生成项目“D:\学习资料\C++练习\Essential C++课后习题\inlitialization_list\inlitialization_list\inlitialization_list.vcxproj”(build 个目标)的操作。

生成成功。

已用时间 00:00:03.94
