生成启动时间为 2015/3/7 14:51:20。
     1>项目“D:\学习资料\C++练习\Essential C++课后习题\LessThanclass\LessThanclass\LessThanclass.vcxproj”在节点 2 上(build 个目标)。
     1>InitializeBuildStatus:
         正在对“Debug\LessThanclass.unsuccessfulbuild”执行 Touch 任务。
       ClCompile:
         d:\ProgFils\VC\bin\CL.exe /c /ZI /nologo /W3 /WX- /Od /Oy- /D WIN32 /D _DEBUG /D _CONSOLE /D _UNICODE /D UNICODE /Gm /EHsc /RTC1 /MDd /GS /fp:precise /Zc:wchar_t /Zc:forScope /Fo"Debug\\" /Fd"Debug\vc100.pdb" /Gd /TP /analyze- /errorReport:prompt main.cpp
         main.cpp
     1>d:\学习资料\c++练习\essential c++课后习题\lessthanclass\lessthanclass\main.cpp(30): warning C4018: “<”: 有符号/无符号不匹配
       ManifestResourceCompile:
         C:\Program Files\Microsoft SDKs\Windows\v7.0A\bin\rc.exe /nologo /fo"Debug\LessThanclass.exe.embed.manifest.res" Debug\LessThanclass_manifest.rc 
       Link:
         d:\ProgFils\VC\bin\link.exe /ERRORREPORT:PROMPT /OUT:"D:\学习资料\C++练习\Essential C++课后习题\LessThanclass\Debug\LessThanclass.exe" /INCREMENTAL /NOLOGO kernel32.lib user32.lib gdi32.lib winspool.lib comdlg32.lib advapi32.lib shell32.lib ole32.lib oleaut32.lib uuid.lib odbc32.lib odbccp32.lib /MANIFEST /ManifestFile:"Debug\LessThanclass.exe.intermediate.manifest" /MANIFESTUAC:"level='asInvoker' uiAccess='false'" /DEBUG /PDB:"D:\学习资料\C++练习\Essential C++课后习题\LessThanclass\Debug\LessThanclass.pdb" /SUBSYSTEM:CONSOLE /TLBID:1 /DYNAMICBASE /NXCOMPAT /IMPLIB:"D:\学习资料\C++练习\Essential C++课后习题\LessThanclass\Debug\LessThanclass.lib" /MACHINE:X86 Debug\LessThanclass.exe.embed.manifest.res
         Debug\LessThan.obj
         Debug\main.obj
       Manifest:
         C:\Program Files\Microsoft SDKs\Windows\v7.0A\bin\mt.exe /nologo /verbose /out:"Debug\LessThanclass.exe.embed.manifest" /manifest Debug\LessThanclass.exe.intermediate.manifest
         C:\Program Files\Microsoft SDKs\Windows\v7.0A\bin\rc.exe /nologo /fo"Debug\LessThanclass.exe.embed.manifest.res" Debug\LessThanclass_manifest.rc 
       LinkEmbedManifest:
         d:\ProgFils\VC\bin\link.exe /ERRORREPORT:PROMPT /OUT:"D:\学习资料\C++练习\Essential C++课后习题\LessThanclass\Debug\LessThanclass.exe" /INCREMENTAL /NOLOGO kernel32.lib user32.lib gdi32.lib winspool.lib comdlg32.lib advapi32.lib shell32.lib ole32.lib oleaut32.lib uuid.lib odbc32.lib odbccp32.lib /MANIFEST /ManifestFile:"Debug\LessThanclass.exe.intermediate.manifest" /MANIFESTUAC:"level='asInvoker' uiAccess='false'" /DEBUG /PDB:"D:\学习资料\C++练习\Essential C++课后习题\LessThanclass\Debug\LessThanclass.pdb" /SUBSYSTEM:CONSOLE /TLBID:1 /DYNAMICBASE /NXCOMPAT /IMPLIB:"D:\学习资料\C++练习\Essential C++课后习题\LessThanclass\Debug\LessThanclass.lib" /MACHINE:X86 Debug\LessThanclass.exe.embed.manifest.res
         Debug\LessThan.obj
         Debug\main.obj
         LessThanclass.vcxproj -> D:\学习资料\C++练习\Essential C++课后习题\LessThanclass\Debug\LessThanclass.exe
       FinalizeBuildStatus:
         正在删除文件“Debug\LessThanclass.unsuccessfulbuild”。
         正在对“Debug\LessThanclass.lastbuildstate”执行 Touch 任务。
     1>已完成生成项目“D:\学习资料\C++练习\Essential C++课后习题\LessThanclass\LessThanclass\LessThanclass.vcxproj”(build 个目标)的操作。

生成成功。

已用时间 00:00:02.10
